0 info it worked if it ends with ok
1 verbose cli [ 'node',
1 verbose cli   '/Users/FreddyRoberts/.nvm/versions/node/v0.12.7/bin/npm',
1 verbose cli   'install',
1 verbose cli   '$' ]
2 info using npm@3.4.0
3 info using node@v0.12.7
4 silly loadCurrentTree Starting
5 silly install loadCurrentTree
6 silly install readLocalPackageData
7 silly fetchPackageMetaData $
8 silly fetchOtherPackageData $
9 silly cache add args [ '$', null ]
10 verbose cache add spec $
11 silly cache add parsed spec { raw: '$',
11 silly cache add   scope: null,
11 silly cache add   name: null,
11 silly cache add   rawSpec: '$',
11 silly cache add   spec: '/Users/FreddyRoberts/dev/Project/Outfit_Maker/$',
11 silly cache add   type: 'local' }
12 error addLocal Could not install /Users/FreddyRoberts/dev/Project/Outfit_Maker/$
13 silly fetchPackageMetaData Error: ENOENT, open '/Users/FreddyRoberts/dev/Project/Outfit_Maker/$'
13 silly fetchPackageMetaData     at Error (native)
13 silly fetchPackageMetaData  error for $ { [Error: ENOENT, open '/Users/FreddyRoberts/dev/Project/Outfit_Maker/$']
13 silly fetchPackageMetaData   errno: -2,
13 silly fetchPackageMetaData   code: 'ENOENT',
13 silly fetchPackageMetaData   path: '/Users/FreddyRoberts/dev/Project/Outfit_Maker/$' }
14 silly rollbackFailedOptional Starting
15 silly rollbackFailedOptional Finishing
16 silly runTopLevelLifecycles Starting
17 silly runTopLevelLifecycles Finishing
18 silly install printInstalled
19 verbose stack Error: ENOENT, open '/Users/FreddyRoberts/dev/Project/Outfit_Maker/$'
19 verbose stack     at Error (native)
20 verbose cwd /Users/FreddyRoberts/dev/Project/Outfit_Maker
21 error Darwin 15.0.0
22 error argv "node" "/Users/FreddyRoberts/.nvm/versions/node/v0.12.7/bin/npm" "install" "$"
23 error node v0.12.7
24 error npm  v3.4.0
25 error path /Users/FreddyRoberts/dev/Project/Outfit_Maker/$
26 error code ENOENT
27 error errno -2
28 error enoent ENOENT, open '/Users/FreddyRoberts/dev/Project/Outfit_Maker/$'
28 error enoent This is most likely not a problem with npm itself
28 error enoent and is related to npm not being able to find a file.
29 verbose exit [ -2, true ]
